Γû▓ Next.js 16.2.1 (Turbopack)
- Environments: .env.local

  Creating an optimized production build ...

> Build error occurred
Error: Turbopack build failed with 1 errors:
./src/app/page.tsx:4:1
Module not found: Can't resolve 'ai/react'
  2 |
  3 | import React, { useRef, useEffect } from "react";
> 4 | import { useChat } from "ai/react";
    | ^^^^^^^^^^^^^^^^^^^^^^^^^^^^^^^^^^^
  5 | import { ThemeToggle } from "@/components/theme-toggle";
  6 | import { Send, Plus, Settings } from "lucide-react";
  7 |



Import traces:
  Client Component Browser:
    ./src/app/page.tsx [Client Component Browser]
    ./src/app/page.tsx [Server Component]

  Client Component SSR:
    ./src/app/page.tsx [Client Component SSR]
    ./src/app/page.tsx [Server Component]

https://nextjs.org/docs/messages/module-not-found


    at <unknown> (./src/app/page.tsx:4:1)
    at <unknown> (https://nextjs.org/docs/messages/module-not-found)
